2024-06-27 16:59:18 [ERROR] [RequestID: N/A]: uncaughtException: Cannot find module 'node:crypto'
Require stack:
- /Users/kamleshsharma/Documents/Generic/sm-project/sm-backend-adminservice/node_modules/uuid/dist/rng.js
- /Users/kamleshsharma/Documents/Generic/sm-project/sm-backend-adminservice/node_modules/uuid/dist/v1.js
- /Users/kamleshsharma/Documents/Generic/sm-project/sm-backend-adminservice/node_modules/uuid/dist/index.js
- /Users/kamleshsharma/Documents/Generic/sm-project/sm-backend-adminservice/middlewares/requestIdMiddleware.js
- /Users/kamleshsharma/Documents/Generic/sm-project/sm-backend-adminservice/middlewares/index.js
- /Users/kamleshsharma/Documents/Generic/sm-project/sm-backend-adminservice/index.js
Error: Cannot find module 'node:crypto'
Require stack:
- /Users/kamleshsharma/Documents/Generic/sm-project/sm-backend-adminservice/node_modules/uuid/dist/rng.js
- /Users/kamleshsharma/Documents/Generic/sm-project/sm-backend-adminservice/node_modules/uuid/dist/v1.js
- /Users/kamleshsharma/Documents/Generic/sm-project/sm-backend-adminservice/node_modules/uuid/dist/index.js
- /Users/kamleshsharma/Documents/Generic/sm-project/sm-backend-adminservice/middlewares/requestIdMiddleware.js
- /Users/kamleshsharma/Documents/Generic/sm-project/sm-backend-adminservice/middlewares/index.js
- /Users/kamleshsharma/Documents/Generic/sm-project/sm-backend-adminservice/index.js
    at Function.Module._resolveFilename (internal/modules/cjs/loader.js:902:15)
    at Function.Module._load (internal/modules/cjs/loader.js:746:27)
    at Module.require (internal/modules/cjs/loader.js:974:19)
    at require (internal/modules/cjs/helpers.js:92:18)
    at Object.<anonymous> (/Users/kamleshsharma/Documents/Generic/sm-project/sm-backend-adminservice/node_modules/uuid/dist/rng.js:7:42)
    at Module._compile (internal/modules/cjs/loader.js:1085:14)
    at Object.Module._extensions..js (internal/modules/cjs/loader.js:1114:10)
    at Module.load (internal/modules/cjs/loader.js:950:32)
    at Function.Module._load (internal/modules/cjs/loader.js:790:14)
    at Module.require (internal/modules/cjs/loader.js:974:19)
